<?xml version="1.0" encoding="UTF-8"?>
<testsuite name="com.test.StudyingJPA.controller.PostApiControllerTest" tests="1" skipped="0" failures="0" errors="0" timestamp="2020-12-17T00:31:49" hostname="Seohyunui-MacBookAir.local" time="0.769">
  <properties/>
  <testcase name="Posts_enrollment" classname="com.test.StudyingJPA.controller.PostApiControllerTest" time="0.769"/>
  <system-out><![CDATA[09:31:43.863 [Test worker] DEBUG org.springframework.test.context.junit4.SpringJUnit4ClassRunner - SpringJUnit4ClassRunner constructor called with [class com.test.StudyingJPA.controller.PostApiControllerTest]
09:31:43.871 [Test worker] DEBUG org.springframework.test.context.BootstrapUtils - Instantiating CacheAwareContextLoaderDelegate from class [org.springframework.test.context.cache.DefaultCacheAwareContextLoaderDelegate]
09:31:43.880 [Test worker] DEBUG org.springframework.test.context.BootstrapUtils - Instantiating BootstrapContext using constructor [public org.springframework.test.context.support.DefaultBootstrapContext(java.lang.Class,org.springframework.test.context.CacheAwareContextLoaderDelegate)]
09:31:43.899 [Test worker] DEBUG org.springframework.test.context.BootstrapUtils - Instantiating TestContextBootstrapper for test class [com.test.StudyingJPA.controller.PostApiControllerTest] from class [org.springframework.boot.test.context.SpringBootTestContextBootstrapper]
09:31:43.921 [Test worker] INFO org.springframework.boot.test.context.SpringBootTestContextBootstrapper - Neither @ContextConfiguration nor @ContextHierarchy found for test class [com.test.StudyingJPA.controller.PostApiControllerTest], using SpringBootContextLoader
09:31:43.926 [Test worker] DEBUG org.springframework.test.context.support.AbstractContextLoader - Did not detect default resource location for test class [com.test.StudyingJPA.controller.PostApiControllerTest]: class path resource [com/test/StudyingJPA/controller/PostApiControllerTest-context.xml] does not exist
09:31:43.926 [Test worker] DEBUG org.springframework.test.context.support.AbstractContextLoader - Did not detect default resource location for test class [com.test.StudyingJPA.controller.PostApiControllerTest]: class path resource [com/test/StudyingJPA/controller/PostApiControllerTestContext.groovy] does not exist
09:31:43.926 [Test worker] INFO org.springframework.test.context.support.AbstractContextLoader - Could not detect default resource locations for test class [com.test.StudyingJPA.controller.PostApiControllerTest]: no resource found for suffixes {-context.xml, Context.groovy}.
09:31:43.927 [Test worker] INFO org.springframework.test.context.support.AnnotationConfigContextLoaderUtils - Could not detect default configuration classes for test class [com.test.StudyingJPA.controller.PostApiControllerTest]: PostApiControllerTest does not declare any static, non-private, non-final, nested classes annotated with @Configuration.
09:31:43.974 [Test worker] DEBUG org.springframework.test.context.support.ActiveProfilesUtils - Could not find an 'annotation declaring class' for annotation type [org.springframework.test.context.ActiveProfiles] and class [com.test.StudyingJPA.controller.PostApiControllerTest]
09:31:44.055 [Test worker] DEBUG org.springframework.context.annotation.ClassPathScanningCandidateComponentProvider - Identified candidate component class: file [/Users/seohyunj/coding/jpa/StudyingJPA/build/classes/java/main/com/test/StudyingJPA/Application.class]
09:31:44.056 [Test worker] INFO org.springframework.boot.test.context.SpringBootTestContextBootstrapper - Found @SpringBootConfiguration com.test.StudyingJPA.Application for test class com.test.StudyingJPA.controller.PostApiControllerTest
09:31:44.158 [Test worker] DEBUG org.springframework.boot.test.context.SpringBootTestContextBootstrapper - @TestExecutionListeners is not present for class [com.test.StudyingJPA.controller.PostApiControllerTest]: using defaults.
09:31:44.159 [Test worker] INFO org.springframework.boot.test.context.SpringBootTestContextBootstrapper - Loaded default TestExecutionListener class names from location [META-INF/spring.factories]: [org.springframework.boot.test.autoconfigure.restdocs.RestDocsTestExecutionListener, org.springframework.boot.test.autoconfigure.web.client.MockRestServiceServerResetTestExecutionListener, org.springframework.boot.test.autoconfigure.web.servlet.MockMvcPrintOnlyOnFailureTestExecutionListener, org.springframework.boot.test.autoconfigure.web.servlet.WebDriverTestExecutionListener, org.springframework.boot.test.mock.mockito.MockitoTestExecutionListener, org.springframework.boot.test.mock.mockito.ResetMocksTestExecutionListener, org.springframework.test.context.web.ServletTestExecutionListener, org.springframework.test.context.support.DirtiesContextBeforeModesTestExecutionListener, org.springframework.test.context.support.DependencyInjectionTestExecutionListener, org.springframework.test.context.support.DirtiesContextTestExecutionListener, org.springframework.test.context.transaction.TransactionalTestExecutionListener, org.springframework.test.context.jdbc.SqlScriptsTestExecutionListener]
09:31:44.179 [Test worker] INFO org.springframework.boot.test.context.SpringBootTestContextBootstrapper - Using TestExecutionListeners: [org.springframework.test.context.web.ServletTestExecutionListener@5d21029, org.springframework.test.context.support.DirtiesContextBeforeModesTestExecutionListener@3f12ea66, org.springframework.boot.test.mock.mockito.MockitoTestExecutionListener@7f91885b, org.springframework.boot.test.autoconfigure.SpringBootDependencyInjectionTestExecutionListener@e9f52a8, org.springframework.test.context.support.DirtiesContextTestExecutionListener@1bd9480a, org.springframework.test.context.transaction.TransactionalTestExecutionListener@33b0c0cd, org.springframework.test.context.jdbc.SqlScriptsTestExecutionListener@401055b0, org.springframework.boot.test.autoconfigure.restdocs.RestDocsTestExecutionListener@346e5508, org.springframework.boot.test.autoconfigure.web.client.MockRestServiceServerResetTestExecutionListener@65a6c297, org.springframework.boot.test.autoconfigure.web.servlet.MockMvcPrintOnlyOnFailureTestExecutionListener@5025c046, org.springframework.boot.test.autoconfigure.web.servlet.WebDriverTestExecutionListener@12dab227, org.springframework.boot.test.mock.mockito.ResetMocksTestExecutionListener@54da7361]
09:31:44.183 [Test worker] DEBUG org.springframework.test.annotation.ProfileValueUtils - Retrieved @ProfileValueSourceConfiguration [null] for test class [com.test.StudyingJPA.controller.PostApiControllerTest]
09:31:44.183 [Test worker] DEBUG org.springframework.test.annotation.ProfileValueUtils - Retrieved ProfileValueSource type [class org.springframework.test.annotation.SystemProfileValueSource] for class [com.test.StudyingJPA.controller.PostApiControllerTest]
09:31:44.186 [Test worker] DEBUG org.springframework.test.annotation.ProfileValueUtils - Retrieved @ProfileValueSourceConfiguration [null] for test class [com.test.StudyingJPA.controller.PostApiControllerTest]
09:31:44.186 [Test worker] DEBUG org.springframework.test.annotation.ProfileValueUtils - Retrieved ProfileValueSource type [class org.springframework.test.annotation.SystemProfileValueSource] for class [com.test.StudyingJPA.controller.PostApiControllerTest]
09:31:44.187 [Test worker] DEBUG org.springframework.test.annotation.ProfileValueUtils - Retrieved @ProfileValueSourceConfiguration [null] for test class [com.test.StudyingJPA.controller.PostApiControllerTest]
09:31:44.187 [Test worker] DEBUG org.springframework.test.annotation.ProfileValueUtils - Retrieved ProfileValueSource type [class org.springframework.test.annotation.SystemProfileValueSource] for class [com.test.StudyingJPA.controller.PostApiControllerTest]
09:31:44.192 [Test worker] DEBUG org.springframework.test.context.support.AbstractDirtiesContextTestExecutionListener - Before test class: context [DefaultTestContext@39c1090a testClass = PostApiControllerTest, testInstance = [null], testMethod = [null], testException = [null], mergedContextConfiguration = [WebMergedContextConfiguration@1c21b1f7 testClass = PostApiControllerTest, locations = '{}', classes = '{class com.test.StudyingJPA.Application}', contextInitializerClasses = '[]', activeProfiles = '{}', propertySourceLocations = '{}', propertySourceProperties = '{org.springframework.boot.test.context.SpringBootTestContextBootstrapper=true, server.port=0}', contextCustomizers = set[org.springframework.boot.test.autoconfigure.properties.PropertyMappingContextCustomizer@0, org.springframework.boot.test.autoconfigure.web.servlet.WebDriverContextCustomizerFactory$Customizer@7ac48a1, org.springframework.boot.test.context.filter.ExcludeFilterContextCustomizer@4bf7f179, org.springframework.boot.test.json.DuplicateJsonObjectContextCustomizerFactory$DuplicateJsonObjectContextCustomizer@254906cf, org.springframework.boot.test.mock.mockito.MockitoContextCustomizer@0, org.springframework.boot.test.web.client.TestRestTemplateContextCustomizer@3ee9dc23], resourceBasePath = 'src/main/webapp', contextLoader = 'org.springframework.boot.test.context.SpringBootContextLoader', parent = [null]], attributes = map['org.springframework.test.context.web.ServletTestExecutionListener.activateListener' -> false]], class annotated with @DirtiesContext [false] with mode [null].
09:31:44.192 [Test worker] DEBUG org.springframework.test.annotation.ProfileValueUtils - Retrieved @ProfileValueSourceConfiguration [null] for test class [com.test.StudyingJPA.controller.PostApiControllerTest]
09:31:44.192 [Test worker] DEBUG org.springframework.test.annotation.ProfileValueUtils - Retrieved ProfileValueSource type [class org.springframework.test.annotation.SystemProfileValueSource] for class [com.test.StudyingJPA.controller.PostApiControllerTest]
09:31:44.198 [Test worker] DEBUG org.springframework.test.context.support.DependencyInjectionTestExecutionListener - Performing dependency injection for test context [[DefaultTestContext@39c1090a testClass = PostApiControllerTest, testInstance = com.test.StudyingJPA.controller.PostApiControllerTest@327fdb22, testMethod = [null], testException = [null], mergedContextConfiguration = [WebMergedContextConfiguration@1c21b1f7 testClass = PostApiControllerTest, locations = '{}', classes = '{class com.test.StudyingJPA.Application}', contextInitializerClasses = '[]', activeProfiles = '{}', propertySourceLocations = '{}', propertySourceProperties = '{org.springframework.boot.test.context.SpringBootTestContextBootstrapper=true, server.port=0}', contextCustomizers = set[org.springframework.boot.test.autoconfigure.properties.PropertyMappingContextCustomizer@0, org.springframework.boot.test.autoconfigure.web.servlet.WebDriverContextCustomizerFactory$Customizer@7ac48a1, org.springframework.boot.test.context.filter.ExcludeFilterContextCustomizer@4bf7f179, org.springframework.boot.test.json.DuplicateJsonObjectContextCustomizerFactory$DuplicateJsonObjectContextCustomizer@254906cf, org.springframework.boot.test.mock.mockito.MockitoContextCustomizer@0, org.springframework.boot.test.web.client.TestRestTemplateContextCustomizer@3ee9dc23], resourceBasePath = 'src/main/webapp', contextLoader = 'org.springframework.boot.test.context.SpringBootContextLoader', parent = [null]], attributes = map['org.springframework.test.context.web.ServletTestExecutionListener.activateListener' -> false]]].
09:31:44.227 [Test worker] DEBUG org.springframework.test.context.support.TestPropertySourceUtils - Adding inlined properties to environment: {spring.jmx.enabled=false, org.springframework.boot.test.context.SpringBootTestContextBootstrapper=true, server.port=0}

  .   ____          _            __ _ _
 /\\ / ___'_ __ _ _(_)_ __  __ _ \ \ \ \
( ( )\___ | '_ | '_| | '_ \/ _` | \ \ \ \
 \\/  ___)| |_)| | | | | || (_| |  ) ) ) )
  '  |____| .__|_| |_|_| |_\__, | / / / /
 =========|_|==============|___/=/_/_/_/
 :: Spring Boot ::        (v2.1.7.RELEASE)

2020-12-17 09:31:44.467  INFO 76006 --- [    Test worker] c.t.S.controller.PostApiControllerTest   : Starting PostApiControllerTest on Seohyunui-MacBookAir.local with PID 76006 (started by seohyunj in /Users/seohyunj/coding/jpa/StudyingJPA)
2020-12-17 09:31:44.468  INFO 76006 --- [    Test worker] c.t.S.controller.PostApiControllerTest   : No active profile set, falling back to default profiles: default
2020-12-17 09:31:45.178  INFO 76006 --- [    Test worker] .s.d.r.c.RepositoryConfigurationDelegate : Bootstrapping Spring Data repositories in DEFAULT mode.
2020-12-17 09:31:45.267  INFO 76006 --- [    Test worker] .s.d.r.c.RepositoryConfigurationDelegate : Finished Spring Data repository scanning in 75ms. Found 1 repository interfaces.
2020-12-17 09:31:45.679  INFO 76006 --- [    Test worker] trationDelegate$BeanPostProcessorChecker : Bean 'org.springframework.transaction.annotation.ProxyTransactionManagementConfiguration' of type [org.springframework.transaction.annotation.ProxyTransactionManagementConfiguration$$EnhancerBySpringCGLIB$$9f5231e1] is not eligible for getting processed by all BeanPostProcessors (for example: not eligible for auto-proxying)
2020-12-17 09:31:46.108  INFO 76006 --- [    Test worker] o.s.b.w.embedded.tomcat.TomcatWebServer  : Tomcat initialized with port(s): 0 (http)
2020-12-17 09:31:46.137  INFO 76006 --- [    Test worker] o.apache.catalina.core.StandardService   : Starting service [Tomcat]
2020-12-17 09:31:46.138  INFO 76006 --- [    Test worker] org.apache.catalina.core.StandardEngine  : Starting Servlet engine: [Apache Tomcat/9.0.22]
2020-12-17 09:31:46.258  INFO 76006 --- [    Test worker] o.a.c.c.C.[Tomcat].[localhost].[/]       : Initializing Spring embedded WebApplicationContext
2020-12-17 09:31:46.259  INFO 76006 --- [    Test worker] o.s.web.context.ContextLoader            : Root WebApplicationContext: initialization completed in 1770 ms
2020-12-17 09:31:46.517  INFO 76006 --- [    Test worker] com.zaxxer.hikari.HikariDataSource       : HikariPool-1 - Starting...
2020-12-17 09:31:46.761  INFO 76006 --- [    Test worker] com.zaxxer.hikari.HikariDataSource       : HikariPool-1 - Start completed.
2020-12-17 09:31:46.864  INFO 76006 --- [    Test worker] o.hibernate.jpa.internal.util.LogHelper  : HHH000204: Processing PersistenceUnitInfo [
	name: default
	...]
2020-12-17 09:31:46.957  INFO 76006 --- [    Test worker] org.hibernate.Version                    : HHH000412: Hibernate Core {5.3.10.Final}
2020-12-17 09:31:46.959  INFO 76006 --- [    Test worker] org.hibernate.cfg.Environment            : HHH000206: hibernate.properties not found
2020-12-17 09:31:47.158  INFO 76006 --- [    Test worker] o.hibernate.annotations.common.Version   : HCANN000001: Hibernate Commons Annotations {5.0.4.Final}
2020-12-17 09:31:47.316  INFO 76006 --- [    Test worker] org.hibernate.dialect.Dialect            : HHH000400: Using dialect: org.hibernate.dialect.H2Dialect
Hibernate: drop table posts if exists
Hibernate: create table posts (id bigint generated by default as identity, author varchar(255), content TEXT not null, title varchar(500) not null, primary key (id))
2020-12-17 09:31:47.957  INFO 76006 --- [    Test worker] o.h.t.schema.internal.SchemaCreatorImpl  : HHH000476: Executing import script 'org.hibernate.tool.schema.internal.exec.ScriptSourceInputNonExistentImpl@796d35f2'
2020-12-17 09:31:47.961  INFO 76006 --- [    Test worker] j.LocalContainerEntityManagerFactoryBean : Initialized JPA EntityManagerFactory for persistence unit 'default'
2020-12-17 09:31:48.696  INFO 76006 --- [    Test worker] o.s.s.concurrent.ThreadPoolTaskExecutor  : Initializing ExecutorService 'applicationTaskExecutor'
2020-12-17 09:31:48.928  WARN 76006 --- [    Test worker] aWebConfiguration$JpaWebMvcConfiguration : spring.jpa.open-in-view is enabled by default. Therefore, database queries may be performed during view rendering. Explicitly configure spring.jpa.open-in-view to disable this warning
2020-12-17 09:31:49.296  INFO 76006 --- [    Test worker] o.s.b.w.embedded.tomcat.TomcatWebServer  : Tomcat started on port(s): 59453 (http) with context path ''
2020-12-17 09:31:49.299  INFO 76006 --- [    Test worker] c.t.S.controller.PostApiControllerTest   : Started PostApiControllerTest in 5.07 seconds (JVM running for 6.052)
2020-12-17 09:31:49.560  INFO 76006 --- [o-auto-1-exec-1] o.a.c.c.C.[Tomcat].[localhost].[/]       : Initializing Spring DispatcherServlet 'dispatcherServlet'
2020-12-17 09:31:49.561  INFO 76006 --- [o-auto-1-exec-1] o.s.web.servlet.DispatcherServlet        : Initializing Servlet 'dispatcherServlet'
2020-12-17 09:31:49.584  INFO 76006 --- [o-auto-1-exec-1] o.s.web.servlet.DispatcherServlet        : Completed initialization in 23 ms
Hibernate: insert into posts (id, author, content, title) values (null, ?, ?, ?)
2020-12-17 09:31:49.904  INFO 76006 --- [    Test worker] o.h.h.i.QueryTranslatorFactoryInitiator  : HHH000397: Using ASTQueryTranslatorFactory
Hibernate: select posts0_.id as id1_0_, posts0_.author as author2_0_, posts0_.content as content3_0_, posts0_.title as title4_0_ from posts posts0_
Hibernate: select posts0_.id as id1_0_, posts0_.author as author2_0_, posts0_.content as content3_0_, posts0_.title as title4_0_ from posts posts0_
Hibernate: delete from posts where id=?
]]></system-out>
  <system-err><![CDATA[]]></system-err>
</testsuite>
